<?xml version="1.0" encoding="UTF-8"?>
<!-- Generated by org.testng.reporters.JUnitXMLReporter -->
<testsuite hostname="DESKTOP-LV0877J" ignored="0" name="DemoQaTest" tests="6" failures="0" timestamp="17 May 2020 16:16:19 GMT" time="121.644" errors="0">
  <testcase name="contactFormTest" time="7.526" classname="com.qa.testCases.AllActivitiesTest"/>
  <testcase name="datePickerTest" time="35.151" classname="com.qa.testCases.AllActivitiesTest"/>
  <testcase name="dragAndDropTest" time="8.602" classname="com.qa.testCases.AllActivitiesTest"/>
  <testcase name="rentCarTest" time="5.841" classname="com.qa.testCases.AllActivitiesTest"/>
  <testcase name="selectMenuTest" time="7.459" classname="com.qa.testCases.AllActivitiesTest"/>
  <testcase name="selectTableTest" time="2.573" classname="com.qa.testCases.AllActivitiesTest"/>
</testsuite> <!-- DemoQaTest -->
